This file contains any messages produced by compilers while
running configure, to aid debugging if configure makes a mistake.

It was created by a-nslp configure 0.97, which was
generated by GNU Autoconf 2.69.  Invocation command line was

  $ ./configure --enable-debug

## --------- ##
## Platform. ##
## --------- ##

hostname = luis-VirtualBox
uname -m = x86_64
uname -r = 3.13.0-32-generic
uname -s = Linux
uname -v = #57-Ubuntu SMP Tue Jul 15 03:51:08 UTC 2014

/usr/bin/uname -p = unknown
/bin/uname -X     = unknown

/bin/arch              = unknown
/usr/bin/arch -k       = unknown
/usr/convex/getsysinfo = unknown
/usr/bin/hostinfo      = unknown
/bin/machine           = unknown
/usr/bin/oslevel       = unknown
/bin/universe          = unknown

PATH: /usr/local/sbin
PATH: /usr/local/bin
PATH: /usr/sbin
PATH: /usr/bin
PATH: /sbin
PATH: /bin
PATH: /usr/games
PATH: /usr/local/games


## ----------- ##
## Core tests. ##
## ----------- ##

configure:2595: checking for a BSD-compatible install
configure:2663: result: /usr/bin/install -c
configure:2674: checking whether build environment is sane
configure:2729: result: yes
configure:2880: checking for a thread-safe mkdir -p
configure:2919: result: /bin/mkdir -p
configure:2926: checking for gawk
configure:2942: found /usr/bin/gawk
configure:2953: result: gawk
configure:2964: checking whether make sets $(MAKE)
configure:2986: result: yes
configure:3015: checking whether make supports nested variables
configure:3032: result: yes
configure:3186: checking build system type
configure:3200: result: x86_64-unknown-linux-gnu
configure:3220: checking host system type
configure:3233: result: x86_64-unknown-linux-gnu
configure:3274: checking how to print strings
configure:3301: result: printf
configure:3334: checking for style of include used by make
configure:3362: result: GNU
configure:3433: checking for gcc
configure:3449: found /usr/bin/gcc
configure:3460: result: gcc
configure:3689: checking for C compiler version
configure:3698: gcc --version >&5
gcc (Ubuntu 4.8.2-19ubuntu1) 4.8.2
Copyright (C) 2013 Free Software Foundation, Inc.
This is free software; see the source for copying conditions.  There is NO
warranty; not even for MERCHANTABILITY or FITNESS FOR A PARTICULAR PURPOSE.

configure:3709: $? = 0
configure:3698: gcc -v >&5
Using built-in specs.
COLLECT_GCC=gcc
COLLECT_LTO_WRAPPER=/usr/lib/gcc/x86_64-linux-gnu/4.8/lto-wrapper
Target: x86_64-linux-gnu
Configured with: ../src/configure -v --with-pkgversion='Ubuntu 4.8.2-19ubuntu1' --with-bugurl=file:///usr/share/doc/gcc-4.8/README.Bugs --enable-languages=c,c++,java,go,d,fortran,objc,obj-c++ --prefix=/usr --program-suffix=-4.8 --enable-shared --enable-linker-build-id --libexecdir=/usr/lib --without-included-gettext --enable-threads=posix --with-gxx-include-dir=/usr/include/c++/4.8 --libdir=/usr/lib --enable-nls --with-sysroot=/ --enable-clocale=gnu --enable-libstdcxx-debug --enable-libstdcxx-time=yes --enable-gnu-unique-object --disable-libmudflap --enable-plugin --with-system-zlib --disable-browser-plugin --enable-java-awt=gtk --enable-gtk-cairo --with-java-home=/usr/lib/jvm/java-1.5.0-gcj-4.8-amd64/jre --enable-java-home --with-jvm-root-dir=/usr/lib/jvm/java-1.5.0-gcj-4.8-amd64 --with-jvm-jar-dir=/usr/lib/jvm-exports/java-1.5.0-gcj-4.8-amd64 --with-arch-directory=amd64 --with-ecj-jar=/usr/share/java/eclipse-ecj.jar --enable-objc-gc --enable-multiarch --disable-werror --with-arch-32=i686 --with-abi=m64 --with-multilib-list=m32,m64,mx32 --with-tune=generic --enable-checking=release --build=x86_64-linux-gnu --host=x86_64-linux-gnu --target=x86_64-linux-gnu
Thread model: posix
gcc version 4.8.2 (Ubuntu 4.8.2-19ubuntu1) 
configure:3709: $? = 0
configure:3698: gcc -V >&5
gcc: error: unrecognized command line option '-V'
gcc: fatal error: no input files
compilation terminated.
configure:3709: $? = 4
configure:3698: gcc -qversion >&5
gcc: error: unrecognized command line option '-qversion'
gcc: fatal error: no input files
compilation terminated.
configure:3709: $? = 4
configure:3729: checking whether the C compiler works
configure:3751: gcc    conftest.c  >&5
configure:3755: $? = 0
configure:3803: result: yes
configure:3806: checking for C compiler default output file name
configure:3808: result: a.out
configure:3814: checking for suffix of executables
configure:3821: gcc -o conftest    conftest.c  >&5
configure:3825: $? = 0
configure:3847: result: 
configure:3869: checking whether we are cross compiling
configure:3877: gcc -o conftest    conftest.c  >&5
configure:3881: $? = 0
configure:3888: ./conftest
configure:3892: $? = 0
configure:3907: result: no
configure:3912: checking for suffix of object files
configure:3934: gcc -c   conftest.c >&5
configure:3938: $? = 0
configure:3959: result: o
configure:3963: checking whether we are using the GNU C compiler
configure:3982: gcc -c   conftest.c >&5
configure:3982: $? = 0
configure:3991: result: yes
configure:4000: checking whether gcc accepts -g
configure:4020: gcc -c -g  conftest.c >&5
configure:4020: $? = 0
configure:4061: result: yes
configure:4078: checking for gcc option to accept ISO C89
configure:4141: gcc  -c -g -O2  conftest.c >&5
configure:4141: $? = 0
configure:4154: result: none needed
configure:4179: checking whether gcc understands -c and -o together
configure:4201: gcc -c conftest.c -o conftest2.o
configure:4204: $? = 0
configure:4201: gcc -c conftest.c -o conftest2.o
configure:4204: $? = 0
configure:4216: result: yes
configure:4235: checking dependency style of gcc
configure:4346: result: gcc3
configure:4361: checking for a sed that does not truncate output
configure:4425: result: /bin/sed
configure:4443: checking for grep that handles long lines and -e
configure:4501: result: /bin/grep
configure:4506: checking for egrep
configure:4568: result: /bin/grep -E
configure:4573: checking for fgrep
configure:4635: result: /bin/grep -F
configure:4670: checking for ld used by gcc
configure:4737: result: /usr/bin/ld
configure:4744: checking if the linker (/usr/bin/ld) is GNU ld
configure:4759: result: yes
configure:4771: checking for BSD- or MS-compatible name lister (nm)
configure:4820: result: /usr/bin/nm -B
configure:4950: checking the name lister (/usr/bin/nm -B) interface
configure:4957: gcc -c -g -O2  conftest.c >&5
configure:4960: /usr/bin/nm -B "conftest.o"
configure:4963: output
0000000000000000 B some_variable
configure:4970: result: BSD nm
configure:4973: checking whether ln -s works
configure:4977: result: yes
configure:4985: checking the maximum length of command line arguments
configure:5115: result: 1572864
configure:5132: checking whether the shell understands some XSI constructs
configure:5142: result: yes
configure:5146: checking whether the shell understands "+="
configure:5152: result: yes
configure:5187: checking how to convert x86_64-unknown-linux-gnu file names to x86_64-unknown-linux-gnu format
configure:5227: result: func_convert_file_noop
configure:5234: checking how to convert x86_64-unknown-linux-gnu file names to toolchain format
configure:5254: result: func_convert_file_noop
configure:5261: checking for /usr/bin/ld option to reload object files
configure:5268: result: -r
configure:5342: checking for objdump
configure:5358: found /usr/bin/objdump
configure:5369: result: objdump
configure:5401: checking how to recognize dependent libraries
configure:5603: result: pass_all
configure:5688: checking for dlltool
configure:5718: result: no
configure:5748: checking how to associate runtime and link libraries
configure:5775: result: printf %s\n
configure:5836: checking for ar
configure:5852: found /usr/bin/ar
configure:5863: result: ar
configure:5900: checking for archiver @FILE support
configure:5917: gcc -c -g -O2  conftest.c >&5
configure:5917: $? = 0
configure:5920: ar cru libconftest.a @conftest.lst >&5
configure:5923: $? = 0
configure:5928: ar cru libconftest.a @conftest.lst >&5
ar: conftest.o: No such file or directory
configure:5931: $? = 1
configure:5943: result: @
configure:6001: checking for strip
configure:6017: found /usr/bin/strip
configure:6028: result: strip
configure:6100: checking for ranlib
configure:6116: found /usr/bin/ranlib
configure:6127: result: ranlib
configure:6229: checking command to parse /usr/bin/nm -B output from gcc object
configure:6349: gcc -c -g -O2  conftest.c >&5
configure:6352: $? = 0
configure:6356: /usr/bin/nm -B conftest.o \| sed -n -e 's/^.*[ ]\([ABCDGIRSTW][ABCDGIRSTW]*\)[ ][ ]*\([_A-Za-z][_A-Za-z0-9]*\)$/\1 \2 \2/p' | sed '/ __gnu_lto/d' \> conftest.nm
configure:6359: $? = 0
configure:6425: gcc -o conftest -g -O2   conftest.c conftstm.o >&5
configure:6428: $? = 0
configure:6466: result: ok
configure:6503: checking for sysroot
configure:6533: result: no
configure:6610: gcc -c -g -O2  conftest.c >&5
configure:6613: $? = 0
configure:6789: checking for mt
configure:6805: found /bin/mt
configure:6816: result: mt
configure:6839: checking if mt is a manifest tool
configure:6845: mt '-?'
configure:6853: result: no
configure:7495: checking how to run the C preprocessor
configure:7526: gcc -E  conftest.c
configure:7526: $? = 0
configure:7540: gcc -E  conftest.c
conftest.c:11:28: fatal error: ac_nonexistent.h: No such file or directory
 #include <ac_nonexistent.h>
                            ^
compilation terminated.
configure:7540: $? = 1
configure: failed program was:
| /* confdefs.h */
| #define PACKAGE_NAME "a-nslp"
| #define PACKAGE_TARNAME "a-nslp"
| #define PACKAGE_VERSION "0.97"
| #define PACKAGE_STRING "a-nslp 0.97"
| #define PACKAGE_BUGREPORT "la.marentes455@uniandes.edu.co"
| #define PACKAGE_URL ""
| #define PACKAGE "a-nslp"
| #define VERSION "0.97"
| /* end confdefs.h.  */
| #include <ac_nonexistent.h>
configure:7565: result: gcc -E
configure:7585: gcc -E  conftest.c
configure:7585: $? = 0
configure:7599: gcc -E  conftest.c
conftest.c:11:28: fatal error: ac_nonexistent.h: No such file or directory
 #include <ac_nonexistent.h>
                            ^
compilation terminated.
configure:7599: $? = 1
configure: failed program was:
| /* confdefs.h */
| #define PACKAGE_NAME "a-nslp"
| #define PACKAGE_TARNAME "a-nslp"
| #define PACKAGE_VERSION "0.97"
| #define PACKAGE_STRING "a-nslp 0.97"
| #define PACKAGE_BUGREPORT "la.marentes455@uniandes.edu.co"
| #define PACKAGE_URL ""
| #define PACKAGE "a-nslp"
| #define VERSION "0.97"
| /* end confdefs.h.  */
| #include <ac_nonexistent.h>
configure:7628: checking for ANSI C header files
configure:7648: gcc -c -g -O2  conftest.c >&5
configure:7648: $? = 0
configure:7721: gcc -o conftest -g -O2   conftest.c  >&5
configure:7721: $? = 0
configure:7721: ./conftest
configure:7721: $? = 0
configure:7732: result: yes
configure:7745: checking for sys/types.h
configure:7745: gcc -c -g -O2  conftest.c >&5
configure:7745: $? = 0
configure:7745: result: yes
configure:7745: checking for sys/stat.h
configure:7745: gcc -c -g -O2  conftest.c >&5
configure:7745: $? = 0
configure:7745: result: yes
configure:7745: checking for stdlib.h
configure:7745: gcc -c -g -O2  conftest.c >&5
configure:7745: $? = 0
configure:7745: result: yes
configure:7745: checking for string.h
configure:7745: gcc -c -g -O2  conftest.c >&5
configure:7745: $? = 0
configure:7745: result: yes
configure:7745: checking for memory.h
configure:7745: gcc -c -g -O2  conftest.c >&5
configure:7745: $? = 0
configure:7745: result: yes
configure:7745: checking for strings.h
configure:7745: gcc -c -g -O2  conftest.c >&5
configure:7745: $? = 0
configure:7745: result: yes
configure:7745: checking for inttypes.h
configure:7745: gcc -c -g -O2  conftest.c >&5
configure:7745: $? = 0
configure:7745: result: yes
configure:7745: checking for stdint.h
configure:7745: gcc -c -g -O2  conftest.c >&5
configure:7745: $? = 0
configure:7745: result: yes
configure:7745: checking for unistd.h
configure:7745: gcc -c -g -O2  conftest.c >&5
configure:7745: $? = 0
configure:7745: result: yes
configure:7759: checking for dlfcn.h
configure:7759: gcc -c -g -O2  conftest.c >&5
configure:7759: $? = 0
configure:7759: result: yes
configure:7965: checking for objdir
configure:7980: result: .libs
configure:8251: checking if gcc supports -fno-rtti -fno-exceptions
configure:8269: gcc -c -g -O2  -fno-rtti -fno-exceptions conftest.c >&5
cc1: warning: command line option '-fno-rtti' is valid for C++/ObjC++ but not for C [enabled by default]
configure:8273: $? = 0
configure:8286: result: no
configure:8613: checking for gcc option to produce PIC
configure:8620: result: -fPIC -DPIC
configure:8628: checking if gcc PIC flag -fPIC -DPIC works
configure:8646: gcc -c -g -O2  -fPIC -DPIC -DPIC conftest.c >&5
configure:8650: $? = 0
configure:8663: result: yes
configure:8692: checking if gcc static flag -static works
configure:8720: result: yes
configure:8735: checking if gcc supports -c -o file.o
configure:8756: gcc -c -g -O2  -o out/conftest2.o conftest.c >&5
configure:8760: $? = 0
configure:8782: result: yes
configure:8790: checking if gcc supports -c -o file.o
configure:8837: result: yes
configure:8870: checking whether the gcc linker (/usr/bin/ld -m elf_x86_64) supports shared libraries
configure:10027: result: yes
configure:10064: checking whether -lc should be explicitly linked in
configure:10072: gcc -c -g -O2  conftest.c >&5
configure:10075: $? = 0
configure:10090: gcc -shared  -fPIC -DPIC conftest.o  -v -Wl,-soname -Wl,conftest -o conftest 2\>\&1 \| /bin/grep  -lc  \>/dev/null 2\>\&1
configure:10093: $? = 0
configure:10107: result: no
configure:10267: checking dynamic linker characteristics
configure:10778: gcc -o conftest -g -O2   -Wl,-rpath -Wl,/foo conftest.c  >&5
configure:10778: $? = 0
configure:11012: result: GNU/Linux ld.so
configure:11119: checking how to hardcode library paths into programs
configure:11144: result: immediate
configure:11684: checking whether stripping libraries is possible
configure:11689: result: yes
configure:11724: checking if libtool supports shared libraries
configure:11726: result: yes
configure:11729: checking whether to build shared libraries
configure:11750: result: yes
configure:11753: checking whether to build static libraries
configure:11757: result: yes
configure:11800: checking whether to enable maintainer-specific portions of Makefiles
configure:11809: result: no
configure:11882: checking for g++
configure:11898: found /usr/bin/g++
configure:11909: result: g++
configure:11936: checking for C++ compiler version
configure:11945: g++ --version >&5
g++ (Ubuntu 4.8.2-19ubuntu1) 4.8.2
Copyright (C) 2013 Free Software Foundation, Inc.
This is free software; see the source for copying conditions.  There is NO
warranty; not even for MERCHANTABILITY or FITNESS FOR A PARTICULAR PURPOSE.

configure:11956: $? = 0
configure:11945: g++ -v >&5
Using built-in specs.
COLLECT_GCC=g++
COLLECT_LTO_WRAPPER=/usr/lib/gcc/x86_64-linux-gnu/4.8/lto-wrapper
Target: x86_64-linux-gnu
Configured with: ../src/configure -v --with-pkgversion='Ubuntu 4.8.2-19ubuntu1' --with-bugurl=file:///usr/share/doc/gcc-4.8/README.Bugs --enable-languages=c,c++,java,go,d,fortran,objc,obj-c++ --prefix=/usr --program-suffix=-4.8 --enable-shared --enable-linker-build-id --libexecdir=/usr/lib --without-included-gettext --enable-threads=posix --with-gxx-include-dir=/usr/include/c++/4.8 --libdir=/usr/lib --enable-nls --with-sysroot=/ --enable-clocale=gnu --enable-libstdcxx-debug --enable-libstdcxx-time=yes --enable-gnu-unique-object --disable-libmudflap --enable-plugin --with-system-zlib --disable-browser-plugin --enable-java-awt=gtk --enable-gtk-cairo --with-java-home=/usr/lib/jvm/java-1.5.0-gcj-4.8-amd64/jre --enable-java-home --with-jvm-root-dir=/usr/lib/jvm/java-1.5.0-gcj-4.8-amd64 --with-jvm-jar-dir=/usr/lib/jvm-exports/java-1.5.0-gcj-4.8-amd64 --with-arch-directory=amd64 --with-ecj-jar=/usr/share/java/eclipse-ecj.jar --enable-objc-gc --enable-multiarch --disable-werror --with-arch-32=i686 --with-abi=m64 --with-multilib-list=m32,m64,mx32 --with-tune=generic --enable-checking=release --build=x86_64-linux-gnu --host=x86_64-linux-gnu --target=x86_64-linux-gnu
Thread model: posix
gcc version 4.8.2 (Ubuntu 4.8.2-19ubuntu1) 
configure:11956: $? = 0
configure:11945: g++ -V >&5
g++: error: unrecognized command line option '-V'
g++: fatal error: no input files
compilation terminated.
configure:11956: $? = 4
configure:11945: g++ -qversion >&5
g++: error: unrecognized command line option '-qversion'
g++: fatal error: no input files
compilation terminated.
configure:11956: $? = 4
configure:11960: checking whether we are using the GNU C++ compiler
configure:11979: g++ -c   conftest.cpp >&5
configure:11979: $? = 0
configure:11988: result: yes
configure:11997: checking whether g++ accepts -g
configure:12017: g++ -c -g  conftest.cpp >&5
configure:12017: $? = 0
configure:12058: result: yes
configure:12083: checking dependency style of g++
configure:12194: result: gcc3
configure:12227: checking how to run the C++ preprocessor
configure:12254: g++ -E  conftest.cpp
configure:12254: $? = 0
configure:12268: g++ -E  conftest.cpp
conftest.cpp:23:28: fatal error: ac_nonexistent.h: No such file or directory
 #include <ac_nonexistent.h>
                            ^
compilation terminated.
configure:12268: $? = 1
configure: failed program was:
| /* confdefs.h */
| #define PACKAGE_NAME "a-nslp"
| #define PACKAGE_TARNAME "a-nslp"
| #define PACKAGE_VERSION "0.97"
| #define PACKAGE_STRING "a-nslp 0.97"
| #define PACKAGE_BUGREPORT "la.marentes455@uniandes.edu.co"
| #define PACKAGE_URL ""
| #define PACKAGE "a-nslp"
| #define VERSION "0.97"
| #define STDC_HEADERS 1
| #define HAVE_SYS_TYPES_H 1
| #define HAVE_SYS_STAT_H 1
| #define HAVE_STDLIB_H 1
| #define HAVE_STRING_H 1
| #define HAVE_MEMORY_H 1
| #define HAVE_STRINGS_H 1
| #define HAVE_INTTYPES_H 1
| #define HAVE_STDINT_H 1
| #define HAVE_UNISTD_H 1
| #define HAVE_DLFCN_H 1
| #define LT_OBJDIR ".libs/"
| /* end confdefs.h.  */
| #include <ac_nonexistent.h>
configure:12293: result: g++ -E
configure:12313: g++ -E  conftest.cpp
configure:12313: $? = 0
configure:12327: g++ -E  conftest.cpp
conftest.cpp:23:28: fatal error: ac_nonexistent.h: No such file or directory
 #include <ac_nonexistent.h>
                            ^
compilation terminated.
configure:12327: $? = 1
configure: failed program was:
| /* confdefs.h */
| #define PACKAGE_NAME "a-nslp"
| #define PACKAGE_TARNAME "a-nslp"
| #define PACKAGE_VERSION "0.97"
| #define PACKAGE_STRING "a-nslp 0.97"
| #define PACKAGE_BUGREPORT "la.marentes455@uniandes.edu.co"
| #define PACKAGE_URL ""
| #define PACKAGE "a-nslp"
| #define VERSION "0.97"
| #define STDC_HEADERS 1
| #define HAVE_SYS_TYPES_H 1
| #define HAVE_SYS_STAT_H 1
| #define HAVE_STDLIB_H 1
| #define HAVE_STRING_H 1
| #define HAVE_MEMORY_H 1
| #define HAVE_STRINGS_H 1
| #define HAVE_INTTYPES_H 1
| #define HAVE_STDINT_H 1
| #define HAVE_UNISTD_H 1
| #define HAVE_DLFCN_H 1
| #define LT_OBJDIR ".libs/"
| /* end confdefs.h.  */
| #include <ac_nonexistent.h>
configure:12496: checking for ld used by g++
configure:12563: result: /usr/bin/ld -m elf_x86_64
configure:12570: checking if the linker (/usr/bin/ld -m elf_x86_64) is GNU ld
configure:12585: result: yes
configure:12640: checking whether the g++ linker (/usr/bin/ld -m elf_x86_64) supports shared libraries
configure:13645: result: yes
configure:13681: g++ -c -g -O2  conftest.cpp >&5
configure:13684: $? = 0
configure:14204: checking for g++ option to produce PIC
configure:14211: result: -fPIC -DPIC
configure:14219: checking if g++ PIC flag -fPIC -DPIC works
configure:14237: g++ -c -g -O2  -fPIC -DPIC -DPIC conftest.cpp >&5
configure:14241: $? = 0
configure:14254: result: yes
configure:14277: checking if g++ static flag -static works
configure:14305: result: yes
configure:14317: checking if g++ supports -c -o file.o
configure:14338: g++ -c -g -O2  -o out/conftest2.o conftest.cpp >&5
configure:14342: $? = 0
configure:14364: result: yes
configure:14369: checking if g++ supports -c -o file.o
configure:14416: result: yes
configure:14446: checking whether the g++ linker (/usr/bin/ld -m elf_x86_64) supports shared libraries
configure:14485: result: yes
configure:14626: checking dynamic linker characteristics
configure:15305: result: GNU/Linux ld.so
configure:15358: checking how to hardcode library paths into programs
configure:15383: result: immediate
configure:15471: checking for gcc
configure:15498: result: gcc
configure:15727: checking for C compiler version
configure:15736: gcc --version >&5
gcc (Ubuntu 4.8.2-19ubuntu1) 4.8.2
Copyright (C) 2013 Free Software Foundation, Inc.
This is free software; see the source for copying conditions.  There is NO
warranty; not even for MERCHANTABILITY or FITNESS FOR A PARTICULAR PURPOSE.

configure:15747: $? = 0
configure:15736: gcc -v >&5
Using built-in specs.
COLLECT_GCC=gcc
COLLECT_LTO_WRAPPER=/usr/lib/gcc/x86_64-linux-gnu/4.8/lto-wrapper
Target: x86_64-linux-gnu
Configured with: ../src/configure -v --with-pkgversion='Ubuntu 4.8.2-19ubuntu1' --with-bugurl=file:///usr/share/doc/gcc-4.8/README.Bugs --enable-languages=c,c++,java,go,d,fortran,objc,obj-c++ --prefix=/usr --program-suffix=-4.8 --enable-shared --enable-linker-build-id --libexecdir=/usr/lib --without-included-gettext --enable-threads=posix --with-gxx-include-dir=/usr/include/c++/4.8 --libdir=/usr/lib --enable-nls --with-sysroot=/ --enable-clocale=gnu --enable-libstdcxx-debug --enable-libstdcxx-time=yes --enable-gnu-unique-object --disable-libmudflap --enable-plugin --with-system-zlib --disable-browser-plugin --enable-java-awt=gtk --enable-gtk-cairo --with-java-home=/usr/lib/jvm/java-1.5.0-gcj-4.8-amd64/jre --enable-java-home --with-jvm-root-dir=/usr/lib/jvm/java-1.5.0-gcj-4.8-amd64 --with-jvm-jar-dir=/usr/lib/jvm-exports/java-1.5.0-gcj-4.8-amd64 --with-arch-directory=amd64 --with-ecj-jar=/usr/share/java/eclipse-ecj.jar --enable-objc-gc --enable-multiarch --disable-werror --with-arch-32=i686 --with-abi=m64 --with-multilib-list=m32,m64,mx32 --with-tune=generic --enable-checking=release --build=x86_64-linux-gnu --host=x86_64-linux-gnu --target=x86_64-linux-gnu
Thread model: posix
gcc version 4.8.2 (Ubuntu 4.8.2-19ubuntu1) 
configure:15747: $? = 0
configure:15736: gcc -V >&5
gcc: error: unrecognized command line option '-V'
gcc: fatal error: no input files
compilation terminated.
configure:15747: $? = 4
configure:15736: gcc -qversion >&5
gcc: error: unrecognized command line option '-qversion'
gcc: fatal error: no input files
compilation terminated.
configure:15747: $? = 4
configure:15751: checking whether we are using the GNU C compiler
configure:15779: result: yes
configure:15788: checking whether gcc accepts -g
configure:15849: result: yes
configure:15866: checking for gcc option to accept ISO C89
configure:15942: result: none needed
configure:15967: checking whether gcc understands -c and -o together
configure:16004: result: yes
configure:16023: checking dependency style of gcc
configure:16134: result: gcc3
configure:16153: checking for gawk
configure:16180: result: gawk
configure:16246: checking for pkg-config
configure:16264: found /usr/bin/pkg-config
configure:16276: result: /usr/bin/pkg-config
configure:16301: checking pkg-config is at least version 0.9.0
configure:16304: result: yes
configure:16313: checking for main in -lcppunit
configure:16332: gcc -o conftest -g -O2   conftest.c -lcppunit   >&5
configure:16332: $? = 0
configure:16341: result: yes
configure:16354: checking for ANSI C header files
configure:16458: result: yes
configure:16469: checking arpa/inet.h usability
configure:16469: gcc -c -g -O2  conftest.c >&5
configure:16469: $? = 0
configure:16469: result: yes
configure:16469: checking arpa/inet.h presence
configure:16469: gcc -E  conftest.c
configure:16469: $? = 0
configure:16469: result: yes
configure:16469: checking for arpa/inet.h
configure:16469: result: yes
configure:16469: checking netdb.h usability
configure:16469: gcc -c -g -O2  conftest.c >&5
configure:16469: $? = 0
configure:16469: result: yes
configure:16469: checking netdb.h presence
configure:16469: gcc -E  conftest.c
configure:16469: $? = 0
configure:16469: result: yes
configure:16469: checking for netdb.h
configure:16469: result: yes
configure:16469: checking netinet/in.h usability
configure:16469: gcc -c -g -O2  conftest.c >&5
configure:16469: $? = 0
configure:16469: result: yes
configure:16469: checking netinet/in.h presence
configure:16469: gcc -E  conftest.c
configure:16469: $? = 0
configure:16469: result: yes
configure:16469: checking for netinet/in.h
configure:16469: result: yes
configure:16469: checking for stdlib.h
configure:16469: result: yes
configure:16469: checking for string.h
configure:16469: result: yes
configure:16469: checking sys/param.h usability
configure:16469: gcc -c -g -O2  conftest.c >&5
configure:16469: $? = 0
configure:16469: result: yes
configure:16469: checking sys/param.h presence
configure:16469: gcc -E  conftest.c
configure:16469: $? = 0
configure:16469: result: yes
configure:16469: checking for sys/param.h
configure:16469: result: yes
configure:16469: checking sys/socket.h usability
configure:16469: gcc -c -g -O2  conftest.c >&5
configure:16469: $? = 0
configure:16469: result: yes
configure:16469: checking sys/socket.h presence
configure:16469: gcc -E  conftest.c
configure:16469: $? = 0
configure:16469: result: yes
configure:16469: checking for sys/socket.h
configure:16469: result: yes
configure:16469: checking sys/time.h usability
configure:16469: gcc -c -g -O2  conftest.c >&5
configure:16469: $? = 0
configure:16469: result: yes
configure:16469: checking sys/time.h presence
configure:16469: gcc -E  conftest.c
configure:16469: $? = 0
configure:16469: result: yes
configure:16469: checking for sys/time.h
configure:16469: result: yes
configure:16469: checking for unistd.h
configure:16469: result: yes
configure:16481: checking for stdbool.h that conforms to C99
configure:16548: gcc -c -g -O2  conftest.c >&5
configure:16548: $? = 0
configure:16555: result: yes
configure:16557: checking for _Bool
configure:16557: gcc -c -g -O2  conftest.c >&5
configure:16557: $? = 0
configure:16557: gcc -c -g -O2  conftest.c >&5
conftest.c: In function 'main':
conftest.c:70:20: error: expected expression before ')' token
 if (sizeof ((_Bool)))
                    ^
configure:16557: $? = 1
configure: failed program was:
| /* confdefs.h */
| #define PACKAGE_NAME "a-nslp"
| #define PACKAGE_TARNAME "a-nslp"
| #define PACKAGE_VERSION "0.97"
| #define PACKAGE_STRING "a-nslp 0.97"
| #define PACKAGE_BUGREPORT "la.marentes455@uniandes.edu.co"
| #define PACKAGE_URL ""
| #define PACKAGE "a-nslp"
| #define VERSION "0.97"
| #define STDC_HEADERS 1
| #define HAVE_SYS_TYPES_H 1
| #define HAVE_SYS_STAT_H 1
| #define HAVE_STDLIB_H 1
| #define HAVE_STRING_H 1
| #define HAVE_MEMORY_H 1
| #define HAVE_STRINGS_H 1
| #define HAVE_INTTYPES_H 1
| #define HAVE_STDINT_H 1
| #define HAVE_UNISTD_H 1
| #define HAVE_DLFCN_H 1
| #define LT_OBJDIR ".libs/"
| #define HAVE_LIBCPPUNIT 1
| #define STDC_HEADERS 1
| #define HAVE_ARPA_INET_H 1
| #define HAVE_NETDB_H 1
| #define HAVE_NETINET_IN_H 1
| #define HAVE_STDLIB_H 1
| #define HAVE_STRING_H 1
| #define HAVE_SYS_PARAM_H 1
| #define HAVE_SYS_SOCKET_H 1
| #define HAVE_SYS_TIME_H 1
| #define HAVE_UNISTD_H 1
| /* end confdefs.h.  */
| #include <stdio.h>
| #ifdef HAVE_SYS_TYPES_H
| # include <sys/types.h>
| #endif
| #ifdef HAVE_SYS_STAT_H
| # include <sys/stat.h>
| #endif
| #ifdef STDC_HEADERS
| # include <stdlib.h>
| # include <stddef.h>
| #else
| # ifdef HAVE_STDLIB_H
| #  include <stdlib.h>
| # endif
| #endif
| #ifdef HAVE_STRING_H
| # if !defined STDC_HEADERS && defined HAVE_MEMORY_H
| #  include <memory.h>
| # endif
| # include <string.h>
| #endif
| #ifdef HAVE_STRINGS_H
| # include <strings.h>
| #endif
| #ifdef HAVE_INTTYPES_H
| # include <inttypes.h>
| #endif
| #ifdef HAVE_STDINT_H
| # include <stdint.h>
| #endif
| #ifdef HAVE_UNISTD_H
| # include <unistd.h>
| #endif
| int
| main ()
| {
| if (sizeof ((_Bool)))
| 	    return 0;
|   ;
|   return 0;
| }
configure:16557: result: yes
configure:16574: checking for an ANSI C-conforming const
configure:16640: gcc -c -g -O2  conftest.c >&5
configure:16640: $? = 0
configure:16647: result: yes
configure:16655: checking for inline
configure:16671: gcc -c -g -O2  conftest.c >&5
configure:16671: $? = 0
configure:16679: result: inline
configure:16697: checking for mode_t
configure:16697: gcc -c -g -O2  conftest.c >&5
configure:16697: $? = 0
configure:16697: gcc -c -g -O2  conftest.c >&5
conftest.c: In function 'main':
conftest.c:72:21: error: expected expression before ')' token
 if (sizeof ((mode_t)))
                     ^
configure:16697: $? = 1
configure: failed program was:
| /* confdefs.h */
| #define PACKAGE_NAME "a-nslp"
| #define PACKAGE_TARNAME "a-nslp"
| #define PACKAGE_VERSION "0.97"
| #define PACKAGE_STRING "a-nslp 0.97"
| #define PACKAGE_BUGREPORT "la.marentes455@uniandes.edu.co"
| #define PACKAGE_URL ""
| #define PACKAGE "a-nslp"
| #define VERSION "0.97"
| #define STDC_HEADERS 1
| #define HAVE_SYS_TYPES_H 1
| #define HAVE_SYS_STAT_H 1
| #define HAVE_STDLIB_H 1
| #define HAVE_STRING_H 1
| #define HAVE_MEMORY_H 1
| #define HAVE_STRINGS_H 1
| #define HAVE_INTTYPES_H 1
| #define HAVE_STDINT_H 1
| #define HAVE_UNISTD_H 1
| #define HAVE_DLFCN_H 1
| #define LT_OBJDIR ".libs/"
| #define HAVE_LIBCPPUNIT 1
| #define STDC_HEADERS 1
| #define HAVE_ARPA_INET_H 1
| #define HAVE_NETDB_H 1
| #define HAVE_NETINET_IN_H 1
| #define HAVE_STDLIB_H 1
| #define HAVE_STRING_H 1
| #define HAVE_SYS_PARAM_H 1
| #define HAVE_SYS_SOCKET_H 1
| #define HAVE_SYS_TIME_H 1
| #define HAVE_UNISTD_H 1
| #define HAVE__BOOL 1
| #define HAVE_STDBOOL_H 1
| /* end confdefs.h.  */
| #include <stdio.h>
| #ifdef HAVE_SYS_TYPES_H
| # include <sys/types.h>
| #endif
| #ifdef HAVE_SYS_STAT_H
| # include <sys/stat.h>
| #endif
| #ifdef STDC_HEADERS
| # include <stdlib.h>
| # include <stddef.h>
| #else
| # ifdef HAVE_STDLIB_H
| #  include <stdlib.h>
| # endif
| #endif
| #ifdef HAVE_STRING_H
| # if !defined STDC_HEADERS && defined HAVE_MEMORY_H
| #  include <memory.h>
| # endif
| # include <string.h>
| #endif
| #ifdef HAVE_STRINGS_H
| # include <strings.h>
| #endif
| #ifdef HAVE_INTTYPES_H
| # include <inttypes.h>
| #endif
| #ifdef HAVE_STDINT_H
| # include <stdint.h>
| #endif
| #ifdef HAVE_UNISTD_H
| # include <unistd.h>
| #endif
| int
| main ()
| {
| if (sizeof ((mode_t)))
| 	    return 0;
|   ;
|   return 0;
| }
configure:16697: result: yes
configure:16708: checking for pid_t
configure:16708: gcc -c -g -O2  conftest.c >&5
configure:16708: $? = 0
configure:16708: gcc -c -g -O2  conftest.c >&5
conftest.c: In function 'main':
conftest.c:72:20: error: expected expression before ')' token
 if (sizeof ((pid_t)))
                    ^
configure:16708: $? = 1
configure: failed program was:
| /* confdefs.h */
| #define PACKAGE_NAME "a-nslp"
| #define PACKAGE_TARNAME "a-nslp"
| #define PACKAGE_VERSION "0.97"
| #define PACKAGE_STRING "a-nslp 0.97"
| #define PACKAGE_BUGREPORT "la.marentes455@uniandes.edu.co"
| #define PACKAGE_URL ""
| #define PACKAGE "a-nslp"
| #define VERSION "0.97"
| #define STDC_HEADERS 1
| #define HAVE_SYS_TYPES_H 1
| #define HAVE_SYS_STAT_H 1
| #define HAVE_STDLIB_H 1
| #define HAVE_STRING_H 1
| #define HAVE_MEMORY_H 1
| #define HAVE_STRINGS_H 1
| #define HAVE_INTTYPES_H 1
| #define HAVE_STDINT_H 1
| #define HAVE_UNISTD_H 1
| #define HAVE_DLFCN_H 1
| #define LT_OBJDIR ".libs/"
| #define HAVE_LIBCPPUNIT 1
| #define STDC_HEADERS 1
| #define HAVE_ARPA_INET_H 1
| #define HAVE_NETDB_H 1
| #define HAVE_NETINET_IN_H 1
| #define HAVE_STDLIB_H 1
| #define HAVE_STRING_H 1
| #define HAVE_SYS_PARAM_H 1
| #define HAVE_SYS_SOCKET_H 1
| #define HAVE_SYS_TIME_H 1
| #define HAVE_UNISTD_H 1
| #define HAVE__BOOL 1
| #define HAVE_STDBOOL_H 1
| /* end confdefs.h.  */
| #include <stdio.h>
| #ifdef HAVE_SYS_TYPES_H
| # include <sys/types.h>
| #endif
| #ifdef HAVE_SYS_STAT_H
| # include <sys/stat.h>
| #endif
| #ifdef STDC_HEADERS
| # include <stdlib.h>
| # include <stddef.h>
| #else
| # ifdef HAVE_STDLIB_H
| #  include <stdlib.h>
| # endif
| #endif
| #ifdef HAVE_STRING_H
| # if !defined STDC_HEADERS && defined HAVE_MEMORY_H
| #  include <memory.h>
| # endif
| # include <string.h>
| #endif
| #ifdef HAVE_STRINGS_H
| # include <strings.h>
| #endif
| #ifdef HAVE_INTTYPES_H
| # include <inttypes.h>
| #endif
| #ifdef HAVE_STDINT_H
| # include <stdint.h>
| #endif
| #ifdef HAVE_UNISTD_H
| # include <unistd.h>
| #endif
| int
| main ()
| {
| if (sizeof ((pid_t)))
| 	    return 0;
|   ;
|   return 0;
| }
configure:16708: result: yes
configure:16719: checking for size_t
configure:16719: gcc -c -g -O2  conftest.c >&5
configure:16719: $? = 0
configure:16719: gcc -c -g -O2  conftest.c >&5
conftest.c: In function 'main':
conftest.c:72:21: error: expected expression before ')' token
 if (sizeof ((size_t)))
                     ^
configure:16719: $? = 1
configure: failed program was:
| /* confdefs.h */
| #define PACKAGE_NAME "a-nslp"
| #define PACKAGE_TARNAME "a-nslp"
| #define PACKAGE_VERSION "0.97"
| #define PACKAGE_STRING "a-nslp 0.97"
| #define PACKAGE_BUGREPORT "la.marentes455@uniandes.edu.co"
| #define PACKAGE_URL ""
| #define PACKAGE "a-nslp"
| #define VERSION "0.97"
| #define STDC_HEADERS 1
| #define HAVE_SYS_TYPES_H 1
| #define HAVE_SYS_STAT_H 1
| #define HAVE_STDLIB_H 1
| #define HAVE_STRING_H 1
| #define HAVE_MEMORY_H 1
| #define HAVE_STRINGS_H 1
| #define HAVE_INTTYPES_H 1
| #define HAVE_STDINT_H 1
| #define HAVE_UNISTD_H 1
| #define HAVE_DLFCN_H 1
| #define LT_OBJDIR ".libs/"
| #define HAVE_LIBCPPUNIT 1
| #define STDC_HEADERS 1
| #define HAVE_ARPA_INET_H 1
| #define HAVE_NETDB_H 1
| #define HAVE_NETINET_IN_H 1
| #define HAVE_STDLIB_H 1
| #define HAVE_STRING_H 1
| #define HAVE_SYS_PARAM_H 1
| #define HAVE_SYS_SOCKET_H 1
| #define HAVE_SYS_TIME_H 1
| #define HAVE_UNISTD_H 1
| #define HAVE__BOOL 1
| #define HAVE_STDBOOL_H 1
| /* end confdefs.h.  */
| #include <stdio.h>
| #ifdef HAVE_SYS_TYPES_H
| # include <sys/types.h>
| #endif
| #ifdef HAVE_SYS_STAT_H
| # include <sys/stat.h>
| #endif
| #ifdef STDC_HEADERS
| # include <stdlib.h>
| # include <stddef.h>
| #else
| # ifdef HAVE_STDLIB_H
| #  include <stdlib.h>
| # endif
| #endif
| #ifdef HAVE_STRING_H
| # if !defined STDC_HEADERS && defined HAVE_MEMORY_H
| #  include <memory.h>
| # endif
| # include <string.h>
| #endif
| #ifdef HAVE_STRINGS_H
| # include <strings.h>
| #endif
| #ifdef HAVE_INTTYPES_H
| # include <inttypes.h>
| #endif
| #ifdef HAVE_STDINT_H
| # include <stdint.h>
| #endif
| #ifdef HAVE_UNISTD_H
| # include <unistd.h>
| #endif
| int
| main ()
| {
| if (sizeof ((size_t)))
| 	    return 0;
|   ;
|   return 0;
| }
configure:16719: result: yes
configure:16730: checking for ssize_t
configure:16730: gcc -c -g -O2  conftest.c >&5
configure:16730: $? = 0
configure:16730: gcc -c -g -O2  conftest.c >&5
conftest.c: In function 'main':
conftest.c:72:22: error: expected expression before ')' token
 if (sizeof ((ssize_t)))
                      ^
configure:16730: $? = 1
configure: failed program was:
| /* confdefs.h */
| #define PACKAGE_NAME "a-nslp"
| #define PACKAGE_TARNAME "a-nslp"
| #define PACKAGE_VERSION "0.97"
| #define PACKAGE_STRING "a-nslp 0.97"
| #define PACKAGE_BUGREPORT "la.marentes455@uniandes.edu.co"
| #define PACKAGE_URL ""
| #define PACKAGE "a-nslp"
| #define VERSION "0.97"
| #define STDC_HEADERS 1
| #define HAVE_SYS_TYPES_H 1
| #define HAVE_SYS_STAT_H 1
| #define HAVE_STDLIB_H 1
| #define HAVE_STRING_H 1
| #define HAVE_MEMORY_H 1
| #define HAVE_STRINGS_H 1
| #define HAVE_INTTYPES_H 1
| #define HAVE_STDINT_H 1
| #define HAVE_UNISTD_H 1
| #define HAVE_DLFCN_H 1
| #define LT_OBJDIR ".libs/"
| #define HAVE_LIBCPPUNIT 1
| #define STDC_HEADERS 1
| #define HAVE_ARPA_INET_H 1
| #define HAVE_NETDB_H 1
| #define HAVE_NETINET_IN_H 1
| #define HAVE_STDLIB_H 1
| #define HAVE_STRING_H 1
| #define HAVE_SYS_PARAM_H 1
| #define HAVE_SYS_SOCKET_H 1
| #define HAVE_SYS_TIME_H 1
| #define HAVE_UNISTD_H 1
| #define HAVE__BOOL 1
| #define HAVE_STDBOOL_H 1
| /* end confdefs.h.  */
| #include <stdio.h>
| #ifdef HAVE_SYS_TYPES_H
| # include <sys/types.h>
| #endif
| #ifdef HAVE_SYS_STAT_H
| # include <sys/stat.h>
| #endif
| #ifdef STDC_HEADERS
| # include <stdlib.h>
| # include <stddef.h>
| #else
| # ifdef HAVE_STDLIB_H
| #  include <stdlib.h>
| # endif
| #endif
| #ifdef HAVE_STRING_H
| # if !defined STDC_HEADERS && defined HAVE_MEMORY_H
| #  include <memory.h>
| # endif
| # include <string.h>
| #endif
| #ifdef HAVE_STRINGS_H
| # include <strings.h>
| #endif
| #ifdef HAVE_INTTYPES_H
| # include <inttypes.h>
| #endif
| #ifdef HAVE_STDINT_H
| # include <stdint.h>
| #endif
| #ifdef HAVE_UNISTD_H
| # include <unistd.h>
| #endif
| int
| main ()
| {
| if (sizeof ((ssize_t)))
| 	    return 0;
|   ;
|   return 0;
| }
configure:16730: result: yes
configure:16741: checking whether time.h and sys/time.h may both be included
configure:16761: gcc -c -g -O2  conftest.c >&5
configure:16761: $? = 0
configure:16768: result: yes
configure:16776: checking whether struct tm is in sys/time.h or time.h
configure:16796: gcc -c -g -O2  conftest.c >&5
configure:16796: $? = 0
configure:16803: result: time.h
configure:16811: checking for uint32_t
configure:16811: gcc -c -g -O2  conftest.c >&5
configure:16811: $? = 0
configure:16811: result: yes
configure:16827: checking for error_at_line
configure:16843: gcc -o conftest -g -O2   conftest.c -lcppunit  >&5
configure:16843: $? = 0
configure:16851: result: yes
configure:16862: checking for working memcmp
configure:16905: gcc -o conftest -g -O2   conftest.c -lcppunit  >&5
configure:16905: $? = 0
configure:16905: ./conftest
configure:16905: $? = 0
configure:16915: result: yes
configure:16924: checking return type of signal handlers
configure:16942: gcc -c -g -O2  conftest.c >&5
conftest.c: In function 'main':
conftest.c:43:1: error: void value not ignored as it ought to be
 return *(signal (0, 0)) (0) == 1;
 ^
configure:16942: $? = 1
configure: failed program was:
| /* confdefs.h */
| #define PACKAGE_NAME "a-nslp"
| #define PACKAGE_TARNAME "a-nslp"
| #define PACKAGE_VERSION "0.97"
| #define PACKAGE_STRING "a-nslp 0.97"
| #define PACKAGE_BUGREPORT "la.marentes455@uniandes.edu.co"
| #define PACKAGE_URL ""
| #define PACKAGE "a-nslp"
| #define VERSION "0.97"
| #define STDC_HEADERS 1
| #define HAVE_SYS_TYPES_H 1
| #define HAVE_SYS_STAT_H 1
| #define HAVE_STDLIB_H 1
| #define HAVE_STRING_H 1
| #define HAVE_MEMORY_H 1
| #define HAVE_STRINGS_H 1
| #define HAVE_INTTYPES_H 1
| #define HAVE_STDINT_H 1
| #define HAVE_UNISTD_H 1
| #define HAVE_DLFCN_H 1
| #define LT_OBJDIR ".libs/"
| #define HAVE_LIBCPPUNIT 1
| #define STDC_HEADERS 1
| #define HAVE_ARPA_INET_H 1
| #define HAVE_NETDB_H 1
| #define HAVE_NETINET_IN_H 1
| #define HAVE_STDLIB_H 1
| #define HAVE_STRING_H 1
| #define HAVE_SYS_PARAM_H 1
| #define HAVE_SYS_SOCKET_H 1
| #define HAVE_SYS_TIME_H 1
| #define HAVE_UNISTD_H 1
| #define HAVE__BOOL 1
| #define HAVE_STDBOOL_H 1
| #define TIME_WITH_SYS_TIME 1
| /* end confdefs.h.  */
| #include <sys/types.h>
| #include <signal.h>
| 
| int
| main ()
| {
| return *(signal (0, 0)) (0) == 1;
|   ;
|   return 0;
| }
configure:16949: result: void
configure:16960: checking for gethostname
configure:16960: gcc -o conftest -g -O2   conftest.c -lcppunit  >&5
configure:16960: $? = 0
configure:16960: result: yes
configure:16960: checking for gettimeofday
configure:16960: gcc -o conftest -g -O2   conftest.c -lcppunit  >&5
configure:16960: $? = 0
configure:16960: result: yes
configure:16960: checking for memset
configure:16960: gcc -o conftest -g -O2   conftest.c -lcppunit  >&5
conftest.c:63:6: warning: conflicting types for built-in function 'memset' [enabled by default]
 char memset ();
      ^
configure:16960: $? = 0
configure:16960: result: yes
configure:16960: checking for socket
configure:16960: gcc -o conftest -g -O2   conftest.c -lcppunit  >&5
configure:16960: $? = 0
configure:16960: result: yes
configure:16960: checking for strerror
configure:16960: gcc -o conftest -g -O2   conftest.c -lcppunit  >&5
configure:16960: $? = 0
configure:16960: result: yes
configure:17013: checking for ranlib
configure:17040: result: ranlib
configure:17072: checking whether unordered_map is available
configure:17088: g++ -c -std=c++0x  conftest.cpp >&5
configure:17088: $? = 0
configure:17095: result: yes
configure:17154: checking for pkg-config
configure:17184: result: /usr/bin/pkg-config
configure:17209: checking pkg-config is at least version 0.9.0
configure:17212: result: yes
configure:17222: checking for LIBXML
configure:17229: $PKG_CONFIG --exists --print-errors "libxml-2.0"
configure:17232: $? = 0
configure:17246: $PKG_CONFIG --exists --print-errors "libxml-2.0"
configure:17249: $? = 0
configure:17307: result: yes
configure:17313: checking for LIBXML2
configure:17320: $PKG_CONFIG --exists --print-errors "libxml-2.0"
configure:17323: $? = 0
configure:17337: $PKG_CONFIG --exists --print-errors "libxml-2.0"
configure:17340: $? = 0
configure:17398: result: yes
configure:17407: checking for LIBXSLT
configure:17414: $PKG_CONFIG --exists --print-errors "libxslt >= $LIBXSLT_REQUIRED"
configure:17417: $? = 0
configure:17431: $PKG_CONFIG --exists --print-errors "libxslt >= $LIBXSLT_REQUIRED"
configure:17434: $? = 0
configure:17492: result: yes
configure:17503: checking for CURL
configure:17510: $PKG_CONFIG --exists --print-errors "libcurl"
configure:17513: $? = 0
configure:17527: $PKG_CONFIG --exists --print-errors "libcurl"
configure:17530: $? = 0
configure:17588: result: yes
configure:17608: checking for LIBUUID
configure:17615: $PKG_CONFIG --exists --print-errors "libuuid"
Package libuuid was not found in the pkg-config search path.
Perhaps you should add the directory containing `libuuid.pc'
to the PKG_CONFIG_PATH environment variable
No package 'libuuid' found
configure:17618: $? = 1
configure:17632: $PKG_CONFIG --exists --print-errors "libuuid"
Package libuuid was not found in the pkg-config search path.
Perhaps you should add the directory containing `libuuid.pc'
to the PKG_CONFIG_PATH environment variable
No package 'libuuid' found
configure:17635: $? = 1
configure:17649: result: no
No package 'libuuid' found
configure:17680: checking for LIBUUID
configure:17687: $PKG_CONFIG --exists --print-errors "uuid"
configure:17690: $? = 0
configure:17704: $PKG_CONFIG --exists --print-errors "uuid"
configure:17707: $? = 0
configure:17745: result: yes
configure:17762: checking for LIBPROT
configure:17769: $PKG_CONFIG --exists --print-errors "libprot-0.0"
configure:17772: $? = 0
configure:17786: $PKG_CONFIG --exists --print-errors "libprot-0.0"
configure:17789: $? = 0
configure:17847: result: yes
configure:17856: checking for LIBFASTQUEUE
configure:17863: $PKG_CONFIG --exists --print-errors "libfastqueue-0.0"
configure:17866: $? = 0
configure:17880: $PKG_CONFIG --exists --print-errors "libfastqueue-0.0"
configure:17883: $? = 0
configure:17941: result: yes
configure:17950: checking for LIBGIST
configure:17957: $PKG_CONFIG --exists --print-errors "libgist-0.0"
configure:17960: $? = 0
configure:17974: $PKG_CONFIG --exists --print-errors "libgist-0.0"
configure:17977: $? = 0
configure:18035: result: yes
configure:18044: checking for LIBIPAP
configure:18051: $PKG_CONFIG --exists --print-errors "libipap-0.0"
configure:18054: $? = 0
configure:18068: $PKG_CONFIG --exists --print-errors "libipap-0.0"
configure:18071: $? = 0
configure:18129: result: yes
configure:18238: pkgconfig directory is ${exec_prefix}/lib/pkgconfig
configure:18354: checking that generated files are newer than configure
configure:18360: result: done
configure:18411: creating ./config.status

## ---------------------- ##
## Running config.status. ##
## ---------------------- ##

This file was extended by a-nslp config.status 0.97, which was
generated by GNU Autoconf 2.69.  Invocation command line was

  CONFIG_FILES    = 
  CONFIG_HEADERS  = 
  CONFIG_LINKS    = 
  CONFIG_COMMANDS = 
  $ ./config.status 

on luis-VirtualBox

config.status:1206: creating Makefile
config.status:1206: creating src/msg/Makefile
config.status:1206: creating libanslp_msg-0.0.pc
config.status:1206: creating src/Makefile
config.status:1206: creating test/Makefile
config.status:1206: creating config.h
config.status:1387: config.h is unchanged
config.status:1435: executing depfiles commands
config.status:1435: executing libtool commands

## ---------------- ##
## Cache variables. ##
## ---------------- ##

ac_cv_build=x86_64-unknown-linux-gnu
ac_cv_c_compiler_gnu=yes
ac_cv_c_const=yes
ac_cv_c_inline=inline
ac_cv_c_uint32_t=yes
ac_cv_cxx_compiler_gnu=yes
ac_cv_env_CCC_set=
ac_cv_env_CCC_value=
ac_cv_env_CC_set=
ac_cv_env_CC_value=
ac_cv_env_CFLAGS_set=
ac_cv_env_CFLAGS_value=
ac_cv_env_CPPFLAGS_set=
ac_cv_env_CPPFLAGS_value=
ac_cv_env_CPP_set=
ac_cv_env_CPP_value=
ac_cv_env_CURL_CFLAGS_set=
ac_cv_env_CURL_CFLAGS_value=
ac_cv_env_CURL_LIBS_set=
ac_cv_env_CURL_LIBS_value=
ac_cv_env_CXXCPP_set=
ac_cv_env_CXXCPP_value=
ac_cv_env_CXXFLAGS_set=
ac_cv_env_CXXFLAGS_value=
ac_cv_env_CXX_set=
ac_cv_env_CXX_value=
ac_cv_env_LDFLAGS_set=
ac_cv_env_LDFLAGS_value=
ac_cv_env_LIBFASTQUEUE_CFLAGS_set=
ac_cv_env_LIBFASTQUEUE_CFLAGS_value=
ac_cv_env_LIBFASTQUEUE_LIBS_set=
ac_cv_env_LIBFASTQUEUE_LIBS_value=
ac_cv_env_LIBGIST_CFLAGS_set=
ac_cv_env_LIBGIST_CFLAGS_value=
ac_cv_env_LIBGIST_LIBS_set=
ac_cv_env_LIBGIST_LIBS_value=
ac_cv_env_LIBIPAP_CFLAGS_set=
ac_cv_env_LIBIPAP_CFLAGS_value=
ac_cv_env_LIBIPAP_LIBS_set=
ac_cv_env_LIBIPAP_LIBS_value=
ac_cv_env_LIBPROT_CFLAGS_set=
ac_cv_env_LIBPROT_CFLAGS_value=
ac_cv_env_LIBPROT_LIBS_set=
ac_cv_env_LIBPROT_LIBS_value=
ac_cv_env_LIBS_set=
ac_cv_env_LIBS_value=
ac_cv_env_LIBUUID_CFLAGS_set=
ac_cv_env_LIBUUID_CFLAGS_value=
ac_cv_env_LIBUUID_LIBS_set=
ac_cv_env_LIBUUID_LIBS_value=
ac_cv_env_LIBXML2_CFLAGS_set=
ac_cv_env_LIBXML2_CFLAGS_value=
ac_cv_env_LIBXML2_LIBS_set=
ac_cv_env_LIBXML2_LIBS_value=
ac_cv_env_LIBXML_CFLAGS_set=
ac_cv_env_LIBXML_CFLAGS_value=
ac_cv_env_LIBXML_LIBS_set=
ac_cv_env_LIBXML_LIBS_value=
ac_cv_env_LIBXSLT_CFLAGS_set=
ac_cv_env_LIBXSLT_CFLAGS_value=
ac_cv_env_LIBXSLT_LIBS_set=
ac_cv_env_LIBXSLT_LIBS_value=
ac_cv_env_PKG_CONFIG_LIBDIR_set=
ac_cv_env_PKG_CONFIG_LIBDIR_value=
ac_cv_env_PKG_CONFIG_PATH_set=
ac_cv_env_PKG_CONFIG_PATH_value=
ac_cv_env_PKG_CONFIG_set=
ac_cv_env_PKG_CONFIG_value=
ac_cv_env_build_alias_set=
ac_cv_env_build_alias_value=
ac_cv_env_host_alias_set=
ac_cv_env_host_alias_value=
ac_cv_env_target_alias_set=
ac_cv_env_target_alias_value=
ac_cv_func_gethostname=yes
ac_cv_func_gettimeofday=yes
ac_cv_func_memcmp_working=yes
ac_cv_func_memset=yes
ac_cv_func_socket=yes
ac_cv_func_strerror=yes
ac_cv_header_arpa_inet_h=yes
ac_cv_header_dlfcn_h=yes
ac_cv_header_inttypes_h=yes
ac_cv_header_memory_h=yes
ac_cv_header_netdb_h=yes
ac_cv_header_netinet_in_h=yes
ac_cv_header_stdbool_h=yes
ac_cv_header_stdc=yes
ac_cv_header_stdint_h=yes
ac_cv_header_stdlib_h=yes
ac_cv_header_string_h=yes
ac_cv_header_strings_h=yes
ac_cv_header_sys_param_h=yes
ac_cv_header_sys_socket_h=yes
ac_cv_header_sys_stat_h=yes
ac_cv_header_sys_time_h=yes
ac_cv_header_sys_types_h=yes
ac_cv_header_time=yes
ac_cv_header_unistd_h=yes
ac_cv_host=x86_64-unknown-linux-gnu
ac_cv_lib_cppunit_main=yes
ac_cv_lib_error_at_line=yes
ac_cv_objext=o
ac_cv_path_EGREP='/bin/grep -E'
ac_cv_path_FGREP='/bin/grep -F'
ac_cv_path_GREP=/bin/grep
ac_cv_path_SED=/bin/sed
ac_cv_path_ac_pt_PKG_CONFIG=/usr/bin/pkg-config
ac_cv_path_install='/usr/bin/install -c'
ac_cv_path_mkdir=/bin/mkdir
ac_cv_prog_AWK=gawk
ac_cv_prog_CPP='gcc -E'
ac_cv_prog_CXXCPP='g++ -E'
ac_cv_prog_ac_ct_AR=ar
ac_cv_prog_ac_ct_CC=gcc
ac_cv_prog_ac_ct_CXX=g++
ac_cv_prog_ac_ct_MANIFEST_TOOL=mt
ac_cv_prog_ac_ct_OBJDUMP=objdump
ac_cv_prog_ac_ct_RANLIB=ranlib
ac_cv_prog_ac_ct_STRIP=strip
ac_cv_prog_cc_c89=
ac_cv_prog_cc_g=yes
ac_cv_prog_cxx_g=yes
ac_cv_prog_make_make_set=yes
ac_cv_struct_tm=time.h
ac_cv_type__Bool=yes
ac_cv_type_mode_t=yes
ac_cv_type_pid_t=yes
ac_cv_type_signal=void
ac_cv_type_size_t=yes
ac_cv_type_ssize_t=yes
ac_cv_unordered_map_exists=yes
am_cv_CC_dependencies_compiler_type=gcc3
am_cv_CXX_dependencies_compiler_type=gcc3
am_cv_make_support_nested_variables=yes
am_cv_prog_cc_c_o=yes
lt_cv_ar_at_file=@
lt_cv_archive_cmds_need_lc=no
lt_cv_deplibs_check_method=pass_all
lt_cv_file_magic_cmd='$MAGIC_CMD'
lt_cv_file_magic_test_file=
lt_cv_ld_reload_flag=-r
lt_cv_nm_interface='BSD nm'
lt_cv_objdir=.libs
lt_cv_path_LD=/usr/bin/ld
lt_cv_path_LDCXX='/usr/bin/ld -m elf_x86_64'
lt_cv_path_NM='/usr/bin/nm -B'
lt_cv_path_mainfest_tool=no
lt_cv_prog_compiler_c_o=yes
lt_cv_prog_compiler_c_o_CXX=yes
lt_cv_prog_compiler_pic='-fPIC -DPIC'
lt_cv_prog_compiler_pic_CXX='-fPIC -DPIC'
lt_cv_prog_compiler_pic_works=yes
lt_cv_prog_compiler_pic_works_CXX=yes
lt_cv_prog_compiler_rtti_exceptions=no
lt_cv_prog_compiler_static_works=yes
lt_cv_prog_compiler_static_works_CXX=yes
lt_cv_prog_gnu_ld=yes
lt_cv_prog_gnu_ldcxx=yes
lt_cv_sharedlib_from_linklib_cmd='printf %s\n'
lt_cv_shlibpath_overrides_runpath=no
lt_cv_sys_global_symbol_pipe='sed -n -e '\''s/^.*[	 ]\([ABCDGIRSTW][ABCDGIRSTW]*\)[	 ][	 ]*\([_A-Za-z][_A-Za-z0-9]*\)$/\1 \2 \2/p'\'' | sed '\''/ __gnu_lto/d'\'''
lt_cv_sys_global_symbol_to_c_name_address='sed -n -e '\''s/^: \([^ ]*\)[ ]*$/  {\"\1\", (void *) 0},/p'\'' -e '\''s/^[ABCDGIRSTW]* \([^ ]*\) \([^ ]*\)$/  {"\2", (void *) \&\2},/p'\'''
lt_cv_sys_global_symbol_to_c_name_address_lib_prefix='sed -n -e '\''s/^: \([^ ]*\)[ ]*$/  {\"\1\", (void *) 0},/p'\'' -e '\''s/^[ABCDGIRSTW]* \([^ ]*\) \(lib[^ ]*\)$/  {"\2", (void *) \&\2},/p'\'' -e '\''s/^[ABCDGIRSTW]* \([^ ]*\) \([^ ]*\)$/  {"lib\2", (void *) \&\2},/p'\'''
lt_cv_sys_global_symbol_to_cdecl='sed -n -e '\''s/^T .* \(.*\)$/extern int \1();/p'\'' -e '\''s/^[ABCDGIRSTW]* .* \(.*\)$/extern char \1;/p'\'''
lt_cv_sys_max_cmd_len=1572864
lt_cv_to_host_file_cmd=func_convert_file_noop
lt_cv_to_tool_file_cmd=func_convert_file_noop
pkg_cv_CURL_CFLAGS=' '
pkg_cv_CURL_LIBS='-lcurl  '
pkg_cv_LIBFASTQUEUE_CFLAGS='-I/usr/local/include  '
pkg_cv_LIBFASTQUEUE_LIBS='-L/usr/local/lib -lfastqueue  '
pkg_cv_LIBGIST_CFLAGS='-I/usr/local/include  '
pkg_cv_LIBGIST_LIBS='-L/usr/local/lib -lgist  '
pkg_cv_LIBIPAP_CFLAGS='-I/usr/local/include/ipap  '
pkg_cv_LIBIPAP_LIBS='-L/usr/local/lib/ipap -lipap  '
pkg_cv_LIBPROT_CFLAGS='-I/usr/local/include  '
pkg_cv_LIBPROT_LIBS='-L/usr/local/lib -lprot  '
pkg_cv_LIBUUID_CFLAGS='-I/usr/include/uuid  '
pkg_cv_LIBUUID_LIBS='-luuid  '
pkg_cv_LIBXML2_CFLAGS='-I/usr/include/libxml2  '
pkg_cv_LIBXML2_LIBS='-lxml2  '
pkg_cv_LIBXML_CFLAGS='-I/usr/include/libxml2  '
pkg_cv_LIBXML_LIBS='-lxml2  '
pkg_cv_LIBXSLT_CFLAGS='-I/usr/include/libxml2  '
pkg_cv_LIBXSLT_LIBS='-lxslt -lxml2  '

## ----------------- ##
## Output variables. ##
## ----------------- ##

ACLOCAL='${SHELL} /home/luis/a-nslp/missing aclocal-1.14'
AMDEPBACKSLASH='\'
AMDEP_FALSE='#'
AMDEP_TRUE=''
AMTAR='$${TAR-tar}'
AM_BACKSLASH='\'
AM_DEFAULT_V='$(AM_DEFAULT_VERBOSITY)'
AM_DEFAULT_VERBOSITY='1'
AM_V='$(V)'
AR='ar'
AUTOCONF='${SHELL} /home/luis/a-nslp/missing autoconf'
AUTOHEADER='${SHELL} /home/luis/a-nslp/missing autoheader'
AUTOMAKE='${SHELL} /home/luis/a-nslp/missing automake-1.14'
AWK='gawk'
CC='gcc'
CCDEPMODE='depmode=gcc3'
CFLAGS='-g -O2'
CPP='gcc -E'
CPPFLAGS=''
CURL_CFLAGS=' '
CURL_FALSE='#'
CURL_LIBS='-lcurl  '
CURL_TRUE=''
CXX='g++'
CXXCPP='g++ -E'
CXXDEPMODE='depmode=gcc3'
CXXFLAGS='-g -O2'
CYGPATH_W='echo'
DEFS='-DHAVE_CONFIG_H'
DEPDIR='.deps'
DLLTOOL='false'
DSYMUTIL=''
DUMPBIN=''
ECHO_C=''
ECHO_N='-n'
ECHO_T=''
EGREP='/bin/grep -E'
ENABLE_DEBUG_FALSE='#'
ENABLE_DEBUG_TRUE=''
EXEEXT=''
FGREP='/bin/grep -F'
GREP='/bin/grep'
INSTALL_DATA='${INSTALL} -m 644'
INSTALL_PROGRAM='${INSTALL}'
INSTALL_SCRIPT='${INSTALL}'
INSTALL_STRIP_PROGRAM='$(install_sh) -c -s'
LD='/usr/bin/ld -m elf_x86_64'
LDFLAGS=''
LIBFASTQUEUE_CFLAGS='-I/usr/local/include  '
LIBFASTQUEUE_LIBS='-L/usr/local/lib -lfastqueue  '
LIBGIST_CFLAGS='-I/usr/local/include  '
LIBGIST_LIBS='-L/usr/local/lib -lgist  '
LIBIPAP_CFLAGS='-I/usr/local/include/ipap  '
LIBIPAP_LIBS='-L/usr/local/lib/ipap -lipap  '
LIBOBJS=''
LIBPROT_CFLAGS='-I/usr/local/include  '
LIBPROT_LIBS='-L/usr/local/lib -lprot  '
LIBS='-lcppunit '
LIBTOOL='$(SHELL) $(top_builddir)/libtool'
LIBUUID_CFLAGS='-I/usr/include/uuid   -I/usr/include/uuid '
LIBUUID_LIBS='-luuid  '
LIBXML2_CFLAGS='-I/usr/include/libxml2  '
LIBXML2_LIBS='-lxml2  '
LIBXML_CFLAGS='-I/usr/include/libxml2  '
LIBXML_LIBS='-lxml2  '
LIBXSLT_CFLAGS='-I/usr/include/libxml2  '
LIBXSLT_LIBS='-lxslt -lxml2  '
LIPO=''
LN_S='ln -s'
LTLIBOBJS=''
MAINT='#'
MAINTAINER_MODE_FALSE=''
MAINTAINER_MODE_TRUE='#'
MAKEINFO='${SHELL} /home/luis/a-nslp/missing makeinfo'
MANIFEST_TOOL=':'
MKDIR_P='/bin/mkdir -p'
NM='/usr/bin/nm -B'
NMEDIT=''
NSIS_NO_WARN_HASHMAP_FALSE='#'
NSIS_NO_WARN_HASHMAP_TRUE=''
OBJDUMP='objdump'
OBJEXT='o'
OTOOL64=''
OTOOL=''
PACKAGE='a-nslp'
PACKAGE_BUGREPORT='la.marentes455@uniandes.edu.co'
PACKAGE_NAME='a-nslp'
PACKAGE_STRING='a-nslp 0.97'
PACKAGE_TARNAME='a-nslp'
PACKAGE_URL=''
PACKAGE_VERSION='0.97'
PATH_SEPARATOR=':'
PKG_CONFIG='/usr/bin/pkg-config'
PKG_CONFIG_LIBDIR=''
PKG_CONFIG_PATH=''
RANLIB='ranlib'
SED='/bin/sed'
SET_MAKE=''
SHELL='/bin/bash'
STRIP='strip'
USE_WITH_SCTP_FALSE=''
USE_WITH_SCTP_TRUE='#'
VERSION='0.97'
ac_ct_AR='ar'
ac_ct_CC='gcc'
ac_ct_CXX='g++'
ac_ct_DUMPBIN=''
am__EXEEXT_FALSE=''
am__EXEEXT_TRUE='#'
am__fastdepCC_FALSE='#'
am__fastdepCC_TRUE=''
am__fastdepCXX_FALSE='#'
am__fastdepCXX_TRUE=''
am__include='include'
am__isrc=''
am__leading_dot='.'
am__nodep='_no'
am__quote=''
am__tar='$${TAR-tar} chof - "$$tardir"'
am__untar='$${TAR-tar} xf -'
bindir='${exec_prefix}/bin'
build='x86_64-unknown-linux-gnu'
build_alias=''
build_cpu='x86_64'
build_os='linux-gnu'
build_vendor='unknown'
datadir='${datarootdir}'
datarootdir='${prefix}/share'
docdir='${datarootdir}/doc/${PACKAGE_TARNAME}'
dvidir='${docdir}'
exec_prefix='/usr/local'
host='x86_64-unknown-linux-gnu'
host_alias=''
host_cpu='x86_64'
host_os='linux-gnu'
host_vendor='unknown'
htmldir='${docdir}'
includedir='${prefix}/include'
infodir='${datarootdir}/info'
install_sh='${SHELL} /home/luis/a-nslp/install-sh'
libdir='${exec_prefix}/lib/a-nslp'
libexecdir='${exec_prefix}/libexec'
localedir='${datarootdir}/locale'
localstatedir='${prefix}/var'
mandir='${datarootdir}/man'
mkdir_p='$(MKDIR_P)'
oldincludedir='/usr/include'
pdfdir='${docdir}'
pkgconfigdir='${exec_prefix}/lib/pkgconfig'
prefix='/usr/local'
program_transform_name='s,x,x,'
psdir='${docdir}'
sbindir='${exec_prefix}/sbin'
sharedstatedir='${prefix}/com'
sysconfdir='${prefix}/etc/a-nslp'
target_alias=''

## ----------- ##
## confdefs.h. ##
## ----------- ##

/* confdefs.h */
#define PACKAGE_NAME "a-nslp"
#define PACKAGE_TARNAME "a-nslp"
#define PACKAGE_VERSION "0.97"
#define PACKAGE_STRING "a-nslp 0.97"
#define PACKAGE_BUGREPORT "la.marentes455@uniandes.edu.co"
#define PACKAGE_URL ""
#define PACKAGE "a-nslp"
#define VERSION "0.97"
#define STDC_HEADERS 1
#define HAVE_SYS_TYPES_H 1
#define HAVE_SYS_STAT_H 1
#define HAVE_STDLIB_H 1
#define HAVE_STRING_H 1
#define HAVE_MEMORY_H 1
#define HAVE_STRINGS_H 1
#define HAVE_INTTYPES_H 1
#define HAVE_STDINT_H 1
#define HAVE_UNISTD_H 1
#define HAVE_DLFCN_H 1
#define LT_OBJDIR ".libs/"
#define HAVE_LIBCPPUNIT 1
#define STDC_HEADERS 1
#define HAVE_ARPA_INET_H 1
#define HAVE_NETDB_H 1
#define HAVE_NETINET_IN_H 1
#define HAVE_STDLIB_H 1
#define HAVE_STRING_H 1
#define HAVE_SYS_PARAM_H 1
#define HAVE_SYS_SOCKET_H 1
#define HAVE_SYS_TIME_H 1
#define HAVE_UNISTD_H 1
#define HAVE__BOOL 1
#define HAVE_STDBOOL_H 1
#define TIME_WITH_SYS_TIME 1
#define RETSIGTYPE void
#define HAVE_GETHOSTNAME 1
#define HAVE_GETTIMEOFDAY 1
#define HAVE_MEMSET 1
#define HAVE_SOCKET 1
#define HAVE_STRERROR 1
#define HAVE_CURL 1
#define ENABLE_DEBUG 1
#define DEF_SYSCONFDIR "/usr/local/etc/a-nslp"
#define DEF_STATEDIR "/usr/local/var"
#define DEF_LIBDIR "/usr/local/lib/a-nslp"
#define DEF_BINDIR "/usr/local/bin"

configure: exit 0
